-------------------------------------------------------------------------------
Test set: it.uniroma3.siw.flightit.FlightItApplicationTests
-------------------------------------------------------------------------------
Tests run: 1, Failures: 0, Errors: 1, Skipped: 0, Time elapsed: 4.948 s <<< FAILURE! - in it.uniroma3.siw.flightit.FlightItApplicationTests
contextLoads  Time elapsed: 0.012 s  <<< ERROR!
java.lang.IllegalStateException: Failed to load ApplicationContext for [WebMergedContextConfiguration@2c2edbe7 testClass = it.uniroma3.siw.flightit.FlightItApplicationTests, locations = [], classes = [it.uniroma3.siw.FlightItApplication], contextInitializerClasses = [], activeProfiles = [], propertySourceLocations = [], propertySourceProperties = ["org.springframework.boot.test.context.SpringBootTestContextBootstrapper=true"], contextCustomizers = [org.springframework.boot.test.context.filter.ExcludeFilterContextCustomizer@1a6d8329, org.springframework.boot.test.json.DuplicateJsonObjectContextCustomizerFactory$DuplicateJsonObjectContextCustomizer@3c77d488, org.springframework.boot.test.mock.mockito.MockitoContextCustomizer@0, org.springframework.boot.test.web.client.TestRestTemplateContextCustomizer@53fe15ff, org.springframework.boot.test.web.reactive.server.WebTestClientContextCustomizer@15bb5034, org.springframework.boot.test.autoconfigure.actuate.observability.ObservabilityContextCustomizerFactory$DisableObservabilityContextCustomizer@9da1, org.springframework.boot.test.autoconfigure.properties.PropertyMappingContextCustomizer@0, org.springframework.boot.test.autoconfigure.web.servlet.WebDriverContextCustomizerFactory$Customizer@548d708a, org.springframework.boot.test.context.SpringBootTestAnnotation@fecc71b], resourceBasePath = "src/main/webapp", contextLoader = org.springframework.boot.test.context.SpringBootContextLoader, parent = null]
Caused by: org.springframework.beans.factory.UnsatisfiedDependencyException: Error creating bean with name 'logController': Unsatisfied dependency expressed through field 'credentialsService': Error creating bean with name 'credentialsService': Unsatisfied dependency expressed through field 'passwordEncoder': Error creating bean with name 'securityConfig': Unsatisfied dependency expressed through field 'oAuth2LoginSuccessHandler': Error creating bean with name 'OAuth2LoginSuccessHandler': Unsatisfied dependency expressed through field 'credentialsService': Error creating bean with name 'credentialsService': Requested bean is currently in creation: Is there an unresolvable circular reference?
Caused by: org.springframework.beans.factory.UnsatisfiedDependencyException: Error creating bean with name 'credentialsService': Unsatisfied dependency expressed through field 'passwordEncoder': Error creating bean with name 'securityConfig': Unsatisfied dependency expressed through field 'oAuth2LoginSuccessHandler': Error creating bean with name 'OAuth2LoginSuccessHandler': Unsatisfied dependency expressed through field 'credentialsService': Error creating bean with name 'credentialsService': Requested bean is currently in creation: Is there an unresolvable circular reference?
Caused by: org.springframework.beans.factory.UnsatisfiedDependencyException: Error creating bean with name 'securityConfig': Unsatisfied dependency expressed through field 'oAuth2LoginSuccessHandler': Error creating bean with name 'OAuth2LoginSuccessHandler': Unsatisfied dependency expressed through field 'credentialsService': Error creating bean with name 'credentialsService': Requested bean is currently in creation: Is there an unresolvable circular reference?
Caused by: org.springframework.beans.factory.UnsatisfiedDependencyException: Error creating bean with name 'OAuth2LoginSuccessHandler': Unsatisfied dependency expressed through field 'credentialsService': Error creating bean with name 'credentialsService': Requested bean is currently in creation: Is there an unresolvable circular reference?
Caused by: org.springframework.beans.factory.BeanCurrentlyInCreationException: Error creating bean with name 'credentialsService': Requested bean is currently in creation: Is there an unresolvable circular reference?

